# JRE version: OpenJDK Runtime Environment Temurin-17.0.7+7 (17.0.7+7) (build 17.0.7+7)
# Java VM: OpenJDK 64-Bit Server VM Temurin-17.0.7+7 (17.0.7+7, mixed mode, tiered, compressed oops, compressed class ptrs, parallel gc, linux-amd64)
GC Precious Log:
 CPUs: 4 total, 4 available
 Memory: 3757M
 Large Page Support: Disabled
 NUMA Support: Disabled
 Compressed Oops: Enabled (32-bit)
 Alignments: Space 512K, Generation 512K, Heap 2M
 Heap Min Capacity: 100M
 Heap Initial Capacity: 100M
 Heap Max Capacity: 1G
 Pre-touch: Disabled
 Parallel Workers: 4
Heap:
 PSYoungGen      total 6144K, used 3750K [0x00000000eab00000, 0x00000000eb200000, 0x0000000100000000)
  eden space 4096K, 78% used [0x00000000eab00000,0x00000000eae25948,0x00000000eaf00000)
  from space 2048K, 25% used [0x00000000eaf00000,0x00000000eaf84010,0x00000000eb100000)
  to   space 1024K, 0% used [0x00000000eb100000,0x00000000eb100000,0x00000000eb200000)
 ParOldGen       total 242688K, used 219158K [0x00000000c0000000, 0x00000000ced00000, 0x00000000eab00000)
  object space 242688K, 90% used [0x00000000c0000000,0x00000000cd605810,0x00000000ced00000)
 Metaspace       used 94700K, committed 95872K, reserved 1179648K
  class space    used 9593K, committed 10176K, reserved 1048576K
GC Heap History (20 events):
Event: 72211.120 GC heap before
{Heap before GC invocations=4728 (full 100):
 PSYoungGen      total 4096K, used 3610K [0x00000000eab00000, 0x00000000eb200000, 0x0000000100000000)
  eden space 2560K, 100% used [0x00000000eab00000,0x00000000ead80000,0x00000000ead80000)
  from space 1536K, 68% used [0x00000000ead80000,0x00000000eae86910,0x00000000eaf00000)
  to   space 2048K, 0% used [0x00000000eb000000,0x00000000eb000000,0x00000000eb200000)
 ParOldGen       total 250880K, used 242362K [0x00000000c0000000, 0x00000000cf500000, 0x00000000eab00000)
  object space 250880K, 96% used [0x00000000c0000000,0x00000000cecae9b8,0x00000000cf500000)
 Metaspace       used 94699K, committed 95872K, reserved 1179648K
  class space    used 9593K, committed 10176K, reserved 1048576K
}
Event: 72211.128 GC heap after
{Heap after GC invocations=4728 (full 100):
 PSYoungGen      total 3072K, used 2048K [0x00000000eab00000, 0x00000000eb600000, 0x0000000100000000)
  eden space 1024K, 0% used [0x00000000eab00000,0x00000000eab00000,0x00000000eac00000)
  from space 2048K, 100% used [0x00000000eb000000,0x00000000eb200000,0x00000000eb200000)
  to   space 4096K, 0% used [0x00000000eac00000,0x00000000eac00000,0x00000000eb000000)
 ParOldGen       total 250880K, used 243846K [0x00000000c0000000, 0x00000000cf500000, 0x00000000eab00000)
  object space 250880K, 97% used [0x00000000c0000000,0x00000000cee21bd8,0x00000000cf500000)
 Metaspace       used 94699K, committed 95872K, reserved 1179648K
  class space    used 9593K, committed 10176K, reserved 1048576K
}
Event: 72211.133 GC heap before
{Heap before GC invocations=4729 (full 100):
 PSYoungGen      total 3072K, used 3072K [0x00000000eab00000, 0x00000000eb600000, 0x0000000100000000)
  eden space 1024K, 100% used [0x00000000eab00000,0x00000000eac00000,0x00000000eac00000)
  from space 2048K, 100% used [0x00000000eb000000,0x00000000eb200000,0x00000000eb200000)
  to   space 4096K, 0% used [0x00000000eac00000,0x00000000eac00000,0x00000000eb000000)
 ParOldGen       total 250880K, used 243846K [0x00000000c0000000, 0x00000000cf500000, 0x00000000eab00000)
  object space 250880K, 97% used [0x00000000c0000000,0x00000000cee21bd8,0x00000000cf500000)
 Metaspace       used 94699K, committed 95872K, reserved 1179648K
  class space    used 9593K, committed 10176K, reserved 1048576K
}
Event: 72211.149 GC heap after
{Heap after GC invocations=4729 (full 100):
 PSYoungGen      total 2048K, used 608K [0x00000000eab00000, 0x00000000eb080000, 0x0000000100000000)
  eden space 1024K, 0% used [0x00000000eab00000,0x00000000eab00000,0x00000000eac00000)
  from space 1024K, 59% used [0x00000000eac00000,0x00000000eac98000,0x00000000ead00000)
  to   space 2048K, 0% used [0x00000000eae80000,0x00000000eae80000,0x00000000eb080000)
 ParOldGen       total 250880K, used 245926K [0x00000000c0000000, 0x00000000cf500000, 0x00000000eab00000)
  object space 250880K, 98% used [0x00000000c0000000,0x00000000cf029bd8,0x00000000cf500000)
 Metaspace       used 94699K, committed 95872K, reserved 1179648K
  class space    used 9593K, committed 10176K, reserved 1048576K
}
Event: 72211.152 GC heap before
{Heap before GC invocations=4730 (full 100):
 PSYoungGen      total 2048K, used 1632K [0x00000000eab00000, 0x00000000eb080000, 0x0000000100000000)
  eden space 1024K, 100% used [0x00000000eab00000,0x00000000eac00000,0x00000000eac00000)
  from space 1024K, 59% used [0x00000000eac00000,0x00000000eac98000,0x00000000ead00000)
  to   space 2048K, 0% used [0x00000000eae80000,0x00000000eae80000,0x00000000eb080000)
 ParOldGen       total 250880K, used 245926K [0x00000000c0000000, 0x00000000cf500000, 0x00000000eab00000)
  object space 250880K, 98% used [0x00000000c0000000,0x00000000cf029bd8,0x00000000cf500000)
 Metaspace       used 94699K, committed 95872K, reserved 1179648K
  class space    used 9593K, committed 10176K, reserved 1048576K
}
Event: 72211.155 GC heap after
{Heap after GC invocations=4730 (full 100):
 PSYoungGen      total 2048K, used 224K [0x00000000eab00000, 0x00000000eaf00000, 0x0000000100000000)
  eden space 1536K, 0% used [0x00000000eab00000,0x00000000eab00000,0x00000000eac80000)
  from space 512K, 43% used [0x00000000eae80000,0x00000000eaeb8000,0x00000000eaf00000)
  to   space 1024K, 0% used [0x00000000ead00000,0x00000000ead00000,0x00000000eae00000)
 ParOldGen       total 250880K, used 246460K [0x00000000c0000000, 0x00000000cf500000, 0x00000000eab00000)
  object space 250880K, 98% used [0x00000000c0000000,0x00000000cf0af058,0x00000000cf500000)
 Metaspace       used 94699K, committed 95872K, reserved 1179648K
  class space    used 9593K, committed 10176K, reserved 1048576K
}
Event: 72219.363 GC heap before
{Heap before GC invocations=4731 (full 100):
 PSYoungGen      total 2048K, used 1760K [0x00000000eab00000, 0x00000000eaf00000, 0x0000000100000000)
  eden space 1536K, 100% used [0x00000000eab00000,0x00000000eac80000,0x00000000eac80000)
  from space 512K, 43% used [0x00000000eae80000,0x00000000eaeb8000,0x00000000eaf00000)
  to   space 1024K, 0% used [0x00000000ead00000,0x00000000ead00000,0x00000000eae00000)
 ParOldGen       total 250880K, used 246460K [0x00000000c0000000, 0x00000000cf500000, 0x00000000eab00000)
  object space 250880K, 98% used [0x00000000c0000000,0x00000000cf0af058,0x00000000cf500000)
 Metaspace       used 94700K, committed 95872K, reserved 1179648K
  class space    used 9593K, committed 10176K, reserved 1048576K
}
Event: 72219.374 GC heap after
{Heap after GC invocations=4731 (full 100):
 PSYoungGen      total 3072K, used 320K [0x00000000eab00000, 0x00000000eaf00000, 0x0000000100000000)
  eden space 2048K, 0% used [0x00000000eab00000,0x00000000eab00000,0x00000000ead00000)
  from space 1024K, 31% used [0x00000000ead00000,0x00000000ead50000,0x00000000eae00000)
  to   space 512K, 0% used [0x00000000eae80000,0x00000000eae80000,0x00000000eaf00000)
 ParOldGen       total 250880K, used 246561K [0x00000000c0000000, 0x00000000cf500000, 0x00000000eab00000)
  object space 250880K, 98% used [0x00000000c0000000,0x00000000cf0c84f8,0x00000000cf500000)
 Metaspace       used 94700K, committed 95872K, reserved 1179648K
  class space    used 9593K, committed 10176K, reserved 1048576K
}
Event: 72219.402 GC heap before
{Heap before GC invocations=4732 (full 100):
 PSYoungGen      total 3072K, used 2367K [0x00000000eab00000, 0x00000000eaf00000, 0x0000000100000000)
  eden space 2048K, 99% used [0x00000000eab00000,0x00000000eacffff0,0x00000000ead00000)
  from space 1024K, 31% used [0x00000000ead00000,0x00000000ead50000,0x00000000eae00000)
  to   space 512K, 0% used [0x00000000eae80000,0x00000000eae80000,0x00000000eaf00000)
 ParOldGen       total 250880K, used 246561K [0x00000000c0000000, 0x00000000cf500000, 0x00000000eab00000)
  object space 250880K, 98% used [0x00000000c0000000,0x00000000cf0c84f8,0x00000000cf500000)
 Metaspace       used 94700K, committed 95872K, reserved 1179648K
  class space    used 9593K, committed 10176K, reserved 1048576K
}
Event: 72219.414 GC heap after
{Heap after GC invocations=4732 (full 100):
 PSYoungGen      total 3072K, used 480K [0x00000000eab00000, 0x00000000eaf80000, 0x0000000100000000)
  eden space 2560K, 0% used [0x00000000eab00000,0x00000000eab00000,0x00000000ead80000)
  from space 512K, 93% used [0x00000000eae80000,0x00000000eaef8020,0x00000000eaf00000)
  to   space 1024K, 0% used [0x00000000ead80000,0x00000000ead80000,0x00000000eae80000)
 ParOldGen       total 250880K, used 246865K [0x00000000c0000000, 0x00000000cf500000, 0x00000000eab00000)
  object space 250880K, 98% used [0x00000000c0000000,0x00000000cf1144f8,0x00000000cf500000)
 Metaspace       used 94700K, committed 95872K, reserved 1179648K
  class space    used 9593K, committed 10176K, reserved 1048576K
}
Event: 72223.280 GC heap before
{Heap before GC invocations=4733 (full 100):
 PSYoungGen      total 3072K, used 3040K [0x00000000eab00000, 0x00000000eaf80000, 0x0000000100000000)
  eden space 2560K, 100% used [0x00000000eab00000,0x00000000ead80000,0x00000000ead80000)
  from space 512K, 93% used [0x00000000eae80000,0x00000000eaef8020,0x00000000eaf00000)
  to   space 1024K, 0% used [0x00000000ead80000,0x00000000ead80000,0x00000000eae80000)
 ParOldGen       total 250880K, used 246865K [0x00000000c0000000, 0x00000000cf500000, 0x00000000eab00000)
  object space 250880K, 98% used [0x00000000c0000000,0x00000000cf1144f8,0x00000000cf500000)
 Metaspace       used 94700K, committed 95872K, reserved 1179648K
  class space    used 9593K, committed 10176K, reserved 1048576K
}
Event: 72223.290 GC heap after
{Heap after GC invocations=4733 (full 100):
 PSYoungGen      total 3584K, used 1016K [0x00000000eab00000, 0x00000000eb300000, 0x0000000100000000)
  eden space 2560K, 0% used [0x00000000eab00000,0x00000000eab00000,0x00000000ead80000)
  from space 1024K, 99% used [0x00000000ead80000,0x00000000eae7e028,0x00000000eae80000)
  to   space 2560K, 0% used [0x00000000eb080000,0x00000000eb080000,0x00000000eb300000)
 ParOldGen       total 250880K, used 247827K [0x00000000c0000000, 0x00000000cf500000, 0x00000000eab00000)
  object space 250880K, 98% used [0x00000000c0000000,0x00000000cf204e60,0x00000000cf500000)
 Metaspace       used 94700K, committed 95872K, reserved 1179648K
  class space    used 9593K, committed 10176K, reserved 1048576K
}
Event: 72223.298 GC heap before
{Heap before GC invocations=4734 (full 100):
 PSYoungGen      total 3584K, used 3576K [0x00000000eab00000, 0x00000000eb300000, 0x0000000100000000)
  eden space 2560K, 100% used [0x00000000eab00000,0x00000000ead80000,0x00000000ead80000)
  from space 1024K, 99% used [0x00000000ead80000,0x00000000eae7e028,0x00000000eae80000)
  to   space 2560K, 0% used [0x00000000eb080000,0x00000000eb080000,0x00000000eb300000)
 ParOldGen       total 250880K, used 247827K [0x00000000c0000000, 0x00000000cf500000, 0x00000000eab00000)
  object space 250880K, 98% used [0x00000000c0000000,0x00000000cf204e60,0x00000000cf500000)
 Metaspace       used 94700K, committed 95872K, reserved 1179648K
  class space    used 9593K, committed 10176K, reserved 1048576K
}
Event: 72223.334 GC heap after
{Heap after GC invocations=4734 (full 100):
 PSYoungGen      total 5632K, used 2400K [0x00000000eab00000, 0x00000000eb300000, 0x0000000100000000)
  eden space 3072K, 0% used [0x00000000eab00000,0x00000000eab00000,0x00000000eae00000)
  from space 2560K, 93% used [0x00000000eb080000,0x00000000eb2d8000,0x00000000eb300000)
  to   space 2560K, 0% used [0x00000000eae00000,0x00000000eae00000,0x00000000eb080000)
 ParOldGen       total 250880K, used 248866K [0x00000000c0000000, 0x00000000cf500000, 0x00000000eab00000)
  object space 250880K, 99% used [0x00000000c0000000,0x00000000cf3088c8,0x00000000cf500000)
 Metaspace       used 94700K, committed 95872K, reserved 1179648K
  class space    used 9593K, committed 10176K, reserved 1048576K
}
Event: 72223.346 GC heap before
{Heap before GC invocations=4735 (full 100):
 PSYoungGen      total 5632K, used 5471K [0x00000000eab00000, 0x00000000eb300000, 0x0000000100000000)
  eden space 3072K, 99% used [0x00000000eab00000,0x00000000eadffce8,0x00000000eae00000)
  from space 2560K, 93% used [0x00000000eb080000,0x00000000eb2d8000,0x00000000eb300000)
  to   space 2560K, 0% used [0x00000000eae00000,0x00000000eae00000,0x00000000eb080000)
 ParOldGen       total 250880K, used 248866K [0x00000000c0000000, 0x00000000cf500000, 0x00000000eab00000)
  object space 250880K, 99% used [0x00000000c0000000,0x00000000cf3088c8,0x00000000cf500000)
 Metaspace       used 94700K, committed 95872K, reserved 1179648K
  class space    used 9593K, committed 10176K, reserved 1048576K
}
Event: 72223.358 GC heap after
{Heap after GC invocations=4735 (full 100):
 PSYoungGen      total 5632K, used 1552K [0x00000000eab00000, 0x00000000eb300000, 0x0000000100000000)
  eden space 3072K, 0% used [0x00000000eab00000,0x00000000eab00000,0x00000000eae00000)
  from space 2560K, 60% used [0x00000000eae00000,0x00000000eaf84010,0x00000000eb080000)
  to   space 2048K, 0% used [0x00000000eb100000,0x00000000eb100000,0x00000000eb300000)
 ParOldGen       total 251392K, used 251226K [0x00000000c0000000, 0x00000000cf580000, 0x00000000eab00000)
  object space 251392K, 99% used [0x00000000c0000000,0x00000000cf5568c8,0x00000000cf580000)
 Metaspace       used 94700K, committed 95872K, reserved 1179648K
  class space    used 9593K, committed 10176K, reserved 1048576K
}
Event: 72223.358 GC heap before
{Heap before GC invocations=4736 (full 101):
 PSYoungGen      total 5632K, used 1552K [0x00000000eab00000, 0x00000000eb300000, 0x0000000100000000)
  eden space 3072K, 0% used [0x00000000eab00000,0x00000000eab00000,0x00000000eae00000)
  from space 2560K, 60% used [0x00000000eae00000,0x00000000eaf84010,0x00000000eb080000)
  to   space 2048K, 0% used [0x00000000eb100000,0x00000000eb100000,0x00000000eb300000)
 ParOldGen       total 251392K, used 251226K [0x00000000c0000000, 0x00000000cf580000, 0x00000000eab00000)
  object space 251392K, 99% used [0x00000000c0000000,0x00000000cf5568c8,0x00000000cf580000)
 Metaspace       used 94700K, committed 95872K, reserved 1179648K
  class space    used 9593K, committed 10176K, reserved 1048576K
}
Event: 72223.652 GC heap after
{Heap after GC invocations=4736 (full 101):
 PSYoungGen      total 6144K, used 0K [0x00000000eab00000, 0x00000000eb300000, 0x0000000100000000)
  eden space 4096K, 0% used [0x00000000eab00000,0x00000000eab00000,0x00000000eaf00000)
  from space 2048K, 0% used [0x00000000eb100000,0x00000000eb100000,0x00000000eb300000)
  to   space 2048K, 0% used [0x00000000eaf00000,0x00000000eaf00000,0x00000000eb100000)
 ParOldGen       total 242688K, used 219158K [0x00000000c0000000, 0x00000000ced00000, 0x00000000eab00000)
  object space 242688K, 90% used [0x00000000c0000000,0x00000000cd605810,0x00000000ced00000)
 Metaspace       used 94700K, committed 95872K, reserved 1179648K
  class space    used 9593K, committed 10176K, reserved 1048576K
}
Event: 72224.188 GC heap before
{Heap before GC invocations=4737 (full 101):
 PSYoungGen      total 6144K, used 4096K [0x00000000eab00000, 0x00000000eb300000, 0x0000000100000000)
  eden space 4096K, 100% used [0x00000000eab00000,0x00000000eaf00000,0x00000000eaf00000)
  from space 2048K, 0% used [0x00000000eb100000,0x00000000eb100000,0x00000000eb300000)
  to   space 2048K, 0% used [0x00000000eaf00000,0x00000000eaf00000,0x00000000eb100000)
 ParOldGen       total 242688K, used 219158K [0x00000000c0000000, 0x00000000ced00000, 0x00000000eab00000)
  object space 242688K, 90% used [0x00000000c0000000,0x00000000cd605810,0x00000000ced00000)
 Metaspace       used 94700K, committed 95872K, reserved 1179648K
  class space    used 9593K, committed 10176K, reserved 1048576K
}
Event: 72224.197 GC heap after
{Heap after GC invocations=4737 (full 101):
 PSYoungGen      total 6144K, used 528K [0x00000000eab00000, 0x00000000eb200000, 0x0000000100000000)
  eden space 4096K, 0% used [0x00000000eab00000,0x00000000eab00000,0x00000000eaf00000)
  from space 2048K, 25% used [0x00000000eaf00000,0x00000000eaf84010,0x00000000eb100000)
  to   space 1024K, 0% used [0x00000000eb100000,0x00000000eb100000,0x00000000eb200000)
 ParOldGen       total 242688K, used 219158K [0x00000000c0000000, 0x00000000ced00000, 0x00000000eab00000)
  object space 242688K, 90% used [0x00000000c0000000,0x00000000cd605810,0x00000000ced00000)
 Metaspace       used 94700K, committed 95872K, reserved 1179648K
  class space    used 9593K, committed 10176K, reserved 1048576K
}

